[35m[1mConsolidate compiler generated dependencies of target cam_logic[0m
[35m[1mConsolidate compiler generated dependencies of target cam_driver[0m
[ 50%] Built target cam_driver
[ 75%] [32mBuilding CXX object CMakeFiles/cam_logic.dir/src/img_to_destination.cpp.o[0m
[01m[Kcc1plus:[m[K [01;31m[Kfatal error: [m[K/home/parallels/ROS_Workspaces/boat_workspace/src/vision/src/img_to_destination.cpp: No such file or directory
compilation terminated.
gmake[2]: *** [CMakeFiles/cam_logic.dir/build.make:76: CMakeFiles/cam_logic.dir/src/img_to_destination.cpp.o] Error 1
gmake[1]: *** [CMakeFiles/Makefile2:165: CMakeFiles/cam_logic.dir/all] Error 2
gmake: *** [Makefile:146: all] Error 2
