[0.015s] Invoking command in '/home/parallels/ROS_Workspaces/boat_workspace/src/vision/build/vision': CMAKE_PREFIX_PATH=/opt/ros/humble /usr/bin/cmake --build /home/parallels/ROS_Workspaces/boat_workspace/src/vision/build/vision -- -j3 -l3
[0.045s] -- Found ament_cmake: 1.3.2 (/opt/ros/humble/share/ament_cmake/cmake)
[0.205s] -- Found rclcpp: 16.0.1 (/opt/ros/humble/share/rclcpp/cmake)
[0.251s] -- Found rosidl_generator_c: 3.1.3 (/opt/ros/humble/share/rosidl_generator_c/cmake)
[0.254s] -- Found rosidl_adapter: 3.1.3 (/opt/ros/humble/share/rosidl_adapter/cmake)
[0.264s] -- Found rosidl_generator_cpp: 3.1.3 (/opt/ros/humble/share/rosidl_generator_cpp/cmake)
[0.279s] -- Using all available rosidl_typesupport_c: rosidl_typesupport_fastrtps_c;rosidl_typesupport_introspection_c
[0.301s] -- Using all available rosidl_typesupport_cpp: rosidl_typesupport_fastrtps_cpp;rosidl_typesupport_introspection_cpp
[0.390s] -- Found rmw_implementation_cmake: 6.1.0 (/opt/ros/humble/share/rmw_implementation_cmake/cmake)
[0.391s] -- Found rmw_fastrtps_cpp: 6.2.1 (/opt/ros/humble/share/rmw_fastrtps_cpp/cmake)
[0.551s] -- Using RMW implementation 'rmw_fastrtps_cpp' as default
[0.790s] -- Found rclpy: 3.3.4 (/opt/ros/humble/share/rclpy/cmake)
[0.800s] -- Found sensor_msgs: 4.2.2 (/opt/ros/humble/share/sensor_msgs/cmake)
[1.168s] -- Configuring done
[1.183s] -- Generating done
[1.186s] -- Build files have been written to: /home/parallels/ROS_Workspaces/boat_workspace/src/vision/build/vision
[1.225s] [ 50%] [32mBuilding CXX object CMakeFiles/NetFinder.dir/src/NetFinder.cpp.o[0m
[1.234s] [ 50%] Built target ament_cmake_python_copy_vision
[1.331s] [01m[K/home/parallels/ROS_Workspaces/boat_workspace/src/vision/src/NetFinder.cpp:9:10:[m[K [01;31m[Kfatal error: [m[Ksensor_msgs/Image.h: No such file or directory
[1.332s]     9 | #include [01;31m[K<sensor_msgs/Image.h>[m[K
[1.333s]       |          [01;31m[K^~~~~~~~~~~~~~~~~~~~~[m[K
[1.333s] compilation terminated.
[1.333s] gmake[2]: *** [CMakeFiles/NetFinder.dir/build.make:76: CMakeFiles/NetFinder.dir/src/NetFinder.cpp.o] Error 1
[1.333s] gmake[1]: *** [CMakeFiles/Makefile2:140: CMakeFiles/NetFinder.dir/all] Error 2
[1.333s] gmake[1]: *** Waiting for unfinished jobs....
[1.649s] running egg_info
[1.665s] writing vision.egg-info/PKG-INFO
[1.665s] writing dependency_links to vision.egg-info/dependency_links.txt
[1.666s] writing top-level names to vision.egg-info/top_level.txt
[1.715s] reading manifest file 'vision.egg-info/SOURCES.txt'
[1.716s] writing manifest file 'vision.egg-info/SOURCES.txt'
[1.764s] [ 50%] Built target ament_cmake_python_build_vision_egg
[1.765s] gmake: *** [Makefile:146: all] Error 2
[1.768s] Invoked command in '/home/parallels/ROS_Workspaces/boat_workspace/src/vision/build/vision' returned '2': CMAKE_PREFIX_PATH=/opt/ros/humble /usr/bin/cmake --build /home/parallels/ROS_Workspaces/boat_workspace/src/vision/build/vision -- -j3 -l3
