[0.027s] Invoking command in '/home/parallels/ROS_Workspaces/boat_workspace/build/vision': CMAKE_PREFIX_PATH=/opt/ros/humble /usr/bin/cmake --build /home/parallels/ROS_Workspaces/boat_workspace/build/vision -- -j3 -l3
[0.055s] -- Found ament_cmake: 1.3.2 (/opt/ros/humble/share/ament_cmake/cmake)
[0.315s] -- Found rclcpp: 16.0.1 (/opt/ros/humble/share/rclcpp/cmake)
[0.377s] -- Found rosidl_generator_c: 3.1.3 (/opt/ros/humble/share/rosidl_generator_c/cmake)
[0.381s] -- Found rosidl_adapter: 3.1.3 (/opt/ros/humble/share/rosidl_adapter/cmake)
[0.395s] -- Found rosidl_generator_cpp: 3.1.3 (/opt/ros/humble/share/rosidl_generator_cpp/cmake)
[0.414s] -- Using all available rosidl_typesupport_c: rosidl_typesupport_fastrtps_c;rosidl_typesupport_introspection_c
[0.443s] -- Using all available rosidl_typesupport_cpp: rosidl_typesupport_fastrtps_cpp;rosidl_typesupport_introspection_cpp
[0.557s] -- Found rmw_implementation_cmake: 6.1.0 (/opt/ros/humble/share/rmw_implementation_cmake/cmake)
[0.560s] -- Found rmw_fastrtps_cpp: 6.2.1 (/opt/ros/humble/share/rmw_fastrtps_cpp/cmake)
[0.728s] -- Using RMW implementation 'rmw_fastrtps_cpp' as default
[0.988s] -- Found rclpy: 3.3.4 (/opt/ros/humble/share/rclpy/cmake)
[1.192s] -- Configuring done
[1.205s] -- Generating done
[1.208s] -- Build files have been written to: /home/parallels/ROS_Workspaces/boat_workspace/build/vision
[1.242s] [35m[1mConsolidate compiler generated dependencies of target NetFinder[0m
[1.259s] [ 50%] [32mBuilding CXX object CMakeFiles/NetFinder.dir/src/NetFinder.cpp.o[0m
[1.265s] [ 50%] Built target ament_cmake_python_copy_vision
[1.360s] [01m[K/home/parallels/ROS_Workspaces/boat_workspace/src/vision/src/NetFinder.cpp:7:10:[m[K [01;31m[Kfatal error: [m[Ksensor_msgs/msg/image.hpp: No such file or directory
[1.360s]     7 | #include [01;31m[K<sensor_msgs/msg/image.hpp>[m[K
[1.361s]       |          [01;31m[K^~~~~~~~~~~~~~~~~~~~~~~~~~~[m[K
[1.361s] compilation terminated.
[1.362s] gmake[2]: *** [CMakeFiles/NetFinder.dir/build.make:76: CMakeFiles/NetFinder.dir/src/NetFinder.cpp.o] Error 1
[1.362s] gmake[1]: *** [CMakeFiles/Makefile2:140: CMakeFiles/NetFinder.dir/all] Error 2
[1.362s] gmake[1]: *** Waiting for unfinished jobs....
[1.772s] running egg_info
[1.788s] writing vision.egg-info/PKG-INFO
[1.788s] writing dependency_links to vision.egg-info/dependency_links.txt
[1.789s] writing top-level names to vision.egg-info/top_level.txt
[1.839s] reading manifest file 'vision.egg-info/SOURCES.txt'
[1.840s] writing manifest file 'vision.egg-info/SOURCES.txt'
[1.903s] [ 50%] Built target ament_cmake_python_build_vision_egg
[1.905s] gmake: *** [Makefile:146: all] Error 2
[1.909s] Invoked command in '/home/parallels/ROS_Workspaces/boat_workspace/build/vision' returned '2': CMAKE_PREFIX_PATH=/opt/ros/humble /usr/bin/cmake --build /home/parallels/ROS_Workspaces/boat_workspace/build/vision -- -j3 -l3
