[0.023s] Invoking command in '/home/parallels/ROS_Workspaces/boat_workspace/build/navigation': CMAKE_PREFIX_PATH=/opt/ros/humble /usr/bin/cmake --build /home/parallels/ROS_Workspaces/boat_workspace/build/navigation -- -j3 -l3
[0.055s] -- Found ament_cmake: 1.3.2 (/opt/ros/humble/share/ament_cmake/cmake)
[0.250s] -- Found rclcpp: 16.0.1 (/opt/ros/humble/share/rclcpp/cmake)
[0.294s] -- Found rosidl_generator_c: 3.1.3 (/opt/ros/humble/share/rosidl_generator_c/cmake)
[0.297s] -- Found rosidl_adapter: 3.1.3 (/opt/ros/humble/share/rosidl_adapter/cmake)
[0.306s] -- Found rosidl_generator_cpp: 3.1.3 (/opt/ros/humble/share/rosidl_generator_cpp/cmake)
[0.322s] -- Using all available rosidl_typesupport_c: rosidl_typesupport_fastrtps_c;rosidl_typesupport_introspection_c
[0.345s] -- Using all available rosidl_typesupport_cpp: rosidl_typesupport_fastrtps_cpp;rosidl_typesupport_introspection_cpp
[0.443s] -- Found rmw_implementation_cmake: 6.1.0 (/opt/ros/humble/share/rmw_implementation_cmake/cmake)
[0.444s] -- Found rmw_fastrtps_cpp: 6.2.1 (/opt/ros/humble/share/rmw_fastrtps_cpp/cmake)
[0.596s] -- Using RMW implementation 'rmw_fastrtps_cpp' as default
[0.836s] -- Found geometry_msgs: 4.2.2 (/opt/ros/humble/share/geometry_msgs/cmake)
[1.102s] [31mCMake Error at /opt/ros/humble/share/rosidl_adapter/cmake/rosidl_adapt_interfaces.cmake:59 (message):
[1.102s]   execute_process(/usr/bin/python3.10 -m rosidl_adapter --package-name
[1.102s]   navigation --arguments-file
[1.103s]   /home/parallels/ROS_Workspaces/boat_workspace/build/navigation/rosidl_adapter__arguments__navigation.json
[1.103s]   --output-dir
[1.103s]   /home/parallels/ROS_Workspaces/boat_workspace/build/navigation/rosidl_adapter/navigation
[1.103s]   --output-file
[1.103s]   /home/parallels/ROS_Workspaces/boat_workspace/build/navigation/rosidl_adapter/navigation.idls)
[1.103s]   returned error code 1:
[1.104s] 
[1.104s]   Traceback (most recent call last):
[1.104s] 
[1.104s]     File "/usr/lib/python3.10/runpy.py", line 196, in _run_module_as_main
[1.104s]       return _run_code(code, main_globals, None,
[1.104s]     File "/usr/lib/python3.10/runpy.py", line 86, in _run_code
[1.104s]       exec(code, run_globals)
[1.104s]     File "/opt/ros/humble/local/lib/python3.10/dist-packages/rosidl_adapter/__main__.py", line 19, in <module>
[1.104s]       sys.exit(main())
[1.105s]     File "/opt/ros/humble/local/lib/python3.10/dist-packages/rosidl_adapter/main.py", line 53, in main
[1.105s]       abs_idl_file = convert_to_idl(
[1.105s]     File "/opt/ros/humble/local/lib/python3.10/dist-packages/rosidl_adapter/__init__.py", line 19, in convert_to_idl
[1.105s]       return convert_msg_to_idl(
[1.105s]     File "/opt/ros/humble/local/lib/python3.10/dist-packages/rosidl_adapter/msg/__init__.py", line 28, in convert_msg_to_idl
[1.105s]       msg = parse_message_string(package_name, input_file.stem, content)
[1.105s]     File "/opt/ros/humble/local/lib/python3.10/dist-packages/rosidl_adapter/parser.py", line 544, in parse_message_string
[1.105s]       msg = MessageSpecification(pkg_name, msg_name, fields, constants)
[1.105s]     File "/opt/ros/humble/local/lib/python3.10/dist-packages/rosidl_adapter/parser.py", line 388, in __init__
[1.105s]       self.base_type = BaseType(
[1.105s]     File "/opt/ros/humble/local/lib/python3.10/dist-packages/rosidl_adapter/parser.py", line 205, in __init__
[1.105s]       raise InvalidResourceName(
[1.106s] 
[1.106s]   rosidl_adapter.parser.InvalidResourceName: 'motors' is an invalid message
[1.106s]   name.  It should have the pattern '^[A-Z][A-Za-z0-9]*$'
[1.106s] 
[1.106s] Call Stack (most recent call first):
[1.106s]   /opt/ros/humble/share/rosidl_cmake/cmake/rosidl_generate_interfaces.cmake:130 (rosidl_adapt_interfaces)
[1.106s]   CMakeLists.txt:16 (rosidl_generate_interfaces)
[1.106s] 
[1.106s] [0m
[1.106s] -- Configuring incomplete, errors occurred!
[1.106s] See also "/home/parallels/ROS_Workspaces/boat_workspace/build/navigation/CMakeFiles/CMakeOutput.log".
[1.111s] gmake: *** [Makefile:308: cmake_check_build_system] Error 1
[1.114s] Invoked command in '/home/parallels/ROS_Workspaces/boat_workspace/build/navigation' returned '2': CMAKE_PREFIX_PATH=/opt/ros/humble /usr/bin/cmake --build /home/parallels/ROS_Workspaces/boat_workspace/build/navigation -- -j3 -l3
