[0.019s] Invoking command in '/home/parallels/ROS_Workspaces/boat_workspace/src/vision/build/vision': CMAKE_PREFIX_PATH=/opt/ros/humble /usr/bin/cmake --build /home/parallels/ROS_Workspaces/boat_workspace/src/vision/build/vision -- -j3 -l3
[0.047s] -- Found ament_cmake: 1.3.2 (/opt/ros/humble/share/ament_cmake/cmake)
[0.210s] -- Found rclcpp: 16.0.1 (/opt/ros/humble/share/rclcpp/cmake)
[0.254s] -- Found rosidl_generator_c: 3.1.3 (/opt/ros/humble/share/rosidl_generator_c/cmake)
[0.257s] -- Found rosidl_adapter: 3.1.3 (/opt/ros/humble/share/rosidl_adapter/cmake)
[0.265s] -- Found rosidl_generator_cpp: 3.1.3 (/opt/ros/humble/share/rosidl_generator_cpp/cmake)
[0.281s] -- Using all available rosidl_typesupport_c: rosidl_typesupport_fastrtps_c;rosidl_typesupport_introspection_c
[0.302s] -- Using all available rosidl_typesupport_cpp: rosidl_typesupport_fastrtps_cpp;rosidl_typesupport_introspection_cpp
[0.391s] -- Found rmw_implementation_cmake: 6.1.0 (/opt/ros/humble/share/rmw_implementation_cmake/cmake)
[0.393s] -- Found rmw_fastrtps_cpp: 6.2.1 (/opt/ros/humble/share/rmw_fastrtps_cpp/cmake)
[0.543s] -- Using RMW implementation 'rmw_fastrtps_cpp' as default
[0.853s] -- Configuring done
[0.867s] -- Generating done
[0.871s] -- Build files have been written to: /home/parallels/ROS_Workspaces/boat_workspace/src/vision/build/vision
[0.902s] [35m[1mConsolidate compiler generated dependencies of target camera[0m
[0.913s] [ 25%] [32mBuilding CXX object CMakeFiles/NetFinder.dir/src/NetFinder.cpp.o[0m
[0.922s] [ 75%] Built target camera
[1.153s] [01m[K/home/parallels/ROS_Workspaces/boat_workspace/src/vision/src/NetFinder.cpp:9:10:[m[K [01;31m[Kfatal error: [m[Ksensor_msgs.msg/Image: No such file or directory
[1.154s]     9 | #include [01;31m[K"sensor_msgs.msg/Image"[m[K
[1.154s]       |          [01;31m[K^~~~~~~~~~~~~~~~~~~~~~~[m[K
[1.154s] compilation terminated.
[1.157s] gmake[2]: *** [CMakeFiles/NetFinder.dir/build.make:76: CMakeFiles/NetFinder.dir/src/NetFinder.cpp.o] Error 1
[1.157s] gmake[1]: *** [CMakeFiles/Makefile2:139: CMakeFiles/NetFinder.dir/all] Error 2
[1.158s] gmake: *** [Makefile:146: all] Error 2
[1.160s] Invoked command in '/home/parallels/ROS_Workspaces/boat_workspace/src/vision/build/vision' returned '2': CMAKE_PREFIX_PATH=/opt/ros/humble /usr/bin/cmake --build /home/parallels/ROS_Workspaces/boat_workspace/src/vision/build/vision -- -j3 -l3
