WARNING: Package name "imgToMotor" does not follow the naming conventions. It should start with a lower case letter and only contain lower case letters, digits, underscores, and dashes.
[01m[K/home/parallels/ROS_Workspaces/boat_workspace/src/imgToMotor/src/img_to_destination.cpp:[m[K In constructor â€˜[01m[Kimg_to_dest::img_to_dest()[m[Kâ€™:
[01m[K/home/parallels/ROS_Workspaces/boat_workspace/src/imgToMotor/src/img_to_destination.cpp:19:26:[m[K [01;31m[Kerror: [m[Kclass â€˜[01m[Kimg_to_dest[m[Kâ€™ does not have any field named â€˜[01m[Kcount_[m[Kâ€™
   19 |   : Node("img_to_dest"), [01;31m[Kcount_[m[K(0)
      |                          [01;31m[K^~~~~~[m[K
gmake[2]: *** [CMakeFiles/cam_logic.dir/build.make:76: CMakeFiles/cam_logic.dir/src/img_to_destination.cpp.o] Error 1
gmake[1]: *** [CMakeFiles/Makefile2:169: CMakeFiles/cam_logic.dir/all] Error 2
gmake[1]: *** Waiting for unfinished jobs....
gmake: *** [Makefile:146: all] Error 2
