[0.018s] Invoking command in '/home/parallels/ROS_Workspaces/boat_workspace/build/imgToMotor': CMAKE_PREFIX_PATH=/opt/ros/humble /usr/bin/cmake --build /home/parallels/ROS_Workspaces/boat_workspace/build/imgToMotor -- -j3 -l3
[0.050s] -- Found ament_cmake: 1.3.2 (/opt/ros/humble/share/ament_cmake/cmake)
[0.227s] -- Found rclcpp: 16.0.1 (/opt/ros/humble/share/rclcpp/cmake)
[0.344s] -- Found rosidl_generator_c: 3.1.3 (/opt/ros/humble/share/rosidl_generator_c/cmake)
[0.358s] -- Found rosidl_adapter: 3.1.3 (/opt/ros/humble/share/rosidl_adapter/cmake)
[0.382s] -- Found rosidl_generator_cpp: 3.1.3 (/opt/ros/humble/share/rosidl_generator_cpp/cmake)
[0.425s] -- Using all available rosidl_typesupport_c: rosidl_typesupport_fastrtps_c;rosidl_typesupport_introspection_c
[0.471s] -- Using all available rosidl_typesupport_cpp: rosidl_typesupport_fastrtps_cpp;rosidl_typesupport_introspection_cpp
[0.614s] -- Found rmw_implementation_cmake: 6.1.0 (/opt/ros/humble/share/rmw_implementation_cmake/cmake)
[0.619s] -- Found rmw_fastrtps_cpp: 6.2.1 (/opt/ros/humble/share/rmw_fastrtps_cpp/cmake)
[0.776s] -- Found OpenSSL: /usr/lib/x86_64-linux-gnu/libcrypto.so (found version "3.0.2")  
[0.814s] -- Found FastRTPS: /opt/ros/humble/include  
[0.871s] -- Using RMW implementation 'rmw_fastrtps_cpp' as default
[1.233s] WARNING: Package name "imgToMotor" does not follow the naming conventions. It should start with a lower case letter and only contain lower case letters, digits, underscores, and dashes.
[1.244s] -- Configuring done
[1.277s] -- Generating done
[1.280s] -- Build files have been written to: /home/parallels/ROS_Workspaces/boat_workspace/build/imgToMotor
[1.318s] [ 12%] [32mBuilding CXX object CMakeFiles/cam_logic.dir/src/img_to_destination.cpp.o[0m
[1.318s] [ 25%] [32mBuilding CXX object CMakeFiles/cam_driver.dir/src/world_to_img.cpp.o[0m
[1.326s] [ 37%] [32mBuilding CXX object CMakeFiles/nav_logic.dir/src/dest_to_motorInfo.cpp.o[0m
[4.653s] [01m[K/home/parallels/ROS_Workspaces/boat_workspace/src/imgToMotor/src/img_to_destination.cpp:[m[K In constructor â€˜[01m[Kimg_to_dest::img_to_dest()[m[Kâ€™:
[4.653s] [01m[K/home/parallels/ROS_Workspaces/boat_workspace/src/imgToMotor/src/img_to_destination.cpp:19:26:[m[K [01;31m[Kerror: [m[Kclass â€˜[01m[Kimg_to_dest[m[Kâ€™ does not have any field named â€˜[01m[Kcount_[m[Kâ€™
[4.653s]    19 |   : Node("img_to_dest"), [01;31m[Kcount_[m[K(0)
[4.653s]       |                          [01;31m[K^~~~~~[m[K
[5.276s] gmake[2]: *** [CMakeFiles/cam_logic.dir/build.make:76: CMakeFiles/cam_logic.dir/src/img_to_destination.cpp.o] Error 1
[5.276s] gmake[1]: *** [CMakeFiles/Makefile2:169: CMakeFiles/cam_logic.dir/all] Error 2
[5.276s] gmake[1]: *** Waiting for unfinished jobs....
[6.853s] [ 50%] [32m[1mLinking CXX executable nav_logic[0m
[6.858s] [ 62%] [32m[1mLinking CXX executable cam_driver[0m
[7.157s] [ 62%] Built target cam_driver
[7.157s] [ 62%] Built target nav_logic
[7.159s] gmake: *** [Makefile:146: all] Error 2
[7.161s] Invoked command in '/home/parallels/ROS_Workspaces/boat_workspace/build/imgToMotor' returned '2': CMAKE_PREFIX_PATH=/opt/ros/humble /usr/bin/cmake --build /home/parallels/ROS_Workspaces/boat_workspace/build/imgToMotor -- -j3 -l3
