[0.017s] Invoking command in '/home/parallels/ROS_Workspaces/boat_workspace/build/imgToMotor': CMAKE_PREFIX_PATH=/opt/ros/humble /usr/bin/cmake --build /home/parallels/ROS_Workspaces/boat_workspace/build/imgToMotor -- -j3 -l3
[0.063s] [35m[1mConsolidate compiler generated dependencies of target cam_driver[0m
[0.067s] [35m[1mConsolidate compiler generated dependencies of target nav_logic[0m
[0.067s] [35m[1mConsolidate compiler generated dependencies of target cam_logic[0m
[0.082s] [ 25%] Built target cam_driver
[0.086s] [ 50%] Built target nav_logic
[0.087s] [ 62%] [32mBuilding CXX object CMakeFiles/cam_logic.dir/src/img_to_destination.cpp.o[0m
[0.104s] [ 75%] [32mBuilding CXX object CMakeFiles/nav_do.dir/src/motorInfo_to_GPIO.cpp.o[0m
[2.806s] [01m[K/home/parallels/ROS_Workspaces/boat_workspace/src/imgToMotor/src/img_to_destination.cpp:[m[K In constructor â€˜[01m[Kimg_to_dest::img_to_dest()[m[Kâ€™:
[2.806s] [01m[K/home/parallels/ROS_Workspaces/boat_workspace/src/imgToMotor/src/img_to_destination.cpp:19:26:[m[K [01;31m[Kerror: [m[Kclass â€˜[01m[Kimg_to_dest[m[Kâ€™ does not have any field named â€˜[01m[Kcount_[m[Kâ€™
[2.806s]    19 |   : Node("img_to_dest"), [01;31m[Kcount_[m[K(0)
[2.806s]       |                          [01;31m[K^~~~~~[m[K
[2.864s] [01m[K/home/parallels/ROS_Workspaces/boat_workspace/src/imgToMotor/src/motorInfo_to_GPIO.cpp:[m[K In constructor â€˜[01m[Knav_implement::nav_implement()[m[Kâ€™:
[2.864s] [01m[K/home/parallels/ROS_Workspaces/boat_workspace/src/imgToMotor/src/motorInfo_to_GPIO.cpp:19:28:[m[K [01;31m[Kerror: [m[Kclass â€˜[01m[Knav_implement[m[Kâ€™ does not have any field named â€˜[01m[Kcount_[m[Kâ€™
[2.864s]    19 |   : Node("nav_implement"), [01;31m[Kcount_[m[K(0)
[2.864s]       |                            [01;31m[K^~~~~~[m[K
[3.300s] gmake[2]: *** [CMakeFiles/cam_logic.dir/build.make:76: CMakeFiles/cam_logic.dir/src/img_to_destination.cpp.o] Error 1
[3.301s] gmake[1]: *** [CMakeFiles/Makefile2:169: CMakeFiles/cam_logic.dir/all] Error 2
[3.301s] gmake[1]: *** Waiting for unfinished jobs....
[3.379s] gmake[2]: *** [CMakeFiles/nav_do.dir/build.make:76: CMakeFiles/nav_do.dir/src/motorInfo_to_GPIO.cpp.o] Error 1
[3.379s] gmake[1]: *** [CMakeFiles/Makefile2:221: CMakeFiles/nav_do.dir/all] Error 2
[3.379s] gmake: *** [Makefile:146: all] Error 2
[3.382s] Invoked command in '/home/parallels/ROS_Workspaces/boat_workspace/build/imgToMotor' returned '2': CMAKE_PREFIX_PATH=/opt/ros/humble /usr/bin/cmake --build /home/parallels/ROS_Workspaces/boat_workspace/build/imgToMotor -- -j3 -l3
