[0.021s] Invoking command in '/home/parallels/ROS_Workspaces/boat_workspace/src/vision/build/vision': CMAKE_PREFIX_PATH=/opt/ros/humble /usr/bin/cmake /home/parallels/ROS_Workspaces/boat_workspace/src/vision -DCMAKE_INSTALL_PREFIX=/home/parallels/ROS_Workspaces/boat_workspace/src/vision/install/vision
[0.291s] -- The C compiler identification is GNU 11.3.0
[0.406s] -- The CXX compiler identification is GNU 11.3.0
[0.421s] -- Detecting C compiler ABI info
[0.516s] -- Detecting C compiler ABI info - done
[0.528s] -- Check for working C compiler: /usr/bin/cc - skipped
[0.530s] -- Detecting C compile features
[0.532s] -- Detecting C compile features - done
[0.539s] -- Detecting CXX compiler ABI info
[0.627s] -- Detecting CXX compiler ABI info - done
[0.639s] -- Check for working CXX compiler: /usr/bin/c++ - skipped
[0.640s] -- Detecting CXX compile features
[0.640s] -- Detecting CXX compile features - done
[0.658s] -- Found ament_cmake: 1.3.2 (/opt/ros/humble/share/ament_cmake/cmake)
[1.453s] -- Found Python3: /usr/bin/python3.10 (found version "3.10.6") found components: Interpreter 
[1.562s] -- Found rclcpp: 16.0.1 (/opt/ros/humble/share/rclcpp/cmake)
[1.625s] -- Found rosidl_generator_c: 3.1.3 (/opt/ros/humble/share/rosidl_generator_c/cmake)
[1.632s] -- Found rosidl_adapter: 3.1.3 (/opt/ros/humble/share/rosidl_adapter/cmake)
[1.643s] -- Found rosidl_generator_cpp: 3.1.3 (/opt/ros/humble/share/rosidl_generator_cpp/cmake)
[1.666s] -- Using all available rosidl_typesupport_c: rosidl_typesupport_fastrtps_c;rosidl_typesupport_introspection_c
[1.694s] -- Using all available rosidl_typesupport_cpp: rosidl_typesupport_fastrtps_cpp;rosidl_typesupport_introspection_cpp
[1.788s] -- Found rmw_implementation_cmake: 6.1.0 (/opt/ros/humble/share/rmw_implementation_cmake/cmake)
[1.790s] -- Found rmw_fastrtps_cpp: 6.2.1 (/opt/ros/humble/share/rmw_fastrtps_cpp/cmake)
[1.938s] -- Found OpenSSL: /usr/lib/x86_64-linux-gnu/libcrypto.so (found version "3.0.2")  
[1.968s] -- Found FastRTPS: /opt/ros/humble/include  
[2.027s] -- Using RMW implementation 'rmw_fastrtps_cpp' as default
[2.271s] -- Found rclpy: 3.3.4 (/opt/ros/humble/share/rclpy/cmake)
[2.448s] -- Configuring done
[2.463s] -- Generating done
[2.466s] -- Build files have been written to: /home/parallels/ROS_Workspaces/boat_workspace/src/vision/build/vision
[2.476s] Invoked command in '/home/parallels/ROS_Workspaces/boat_workspace/src/vision/build/vision' returned '0': CMAKE_PREFIX_PATH=/opt/ros/humble /usr/bin/cmake /home/parallels/ROS_Workspaces/boat_workspace/src/vision -DCMAKE_INSTALL_PREFIX=/home/parallels/ROS_Workspaces/boat_workspace/src/vision/install/vision
[2.479s] Invoking command in '/home/parallels/ROS_Workspaces/boat_workspace/src/vision/build/vision': CMAKE_PREFIX_PATH=/opt/ros/humble /usr/bin/cmake --build /home/parallels/ROS_Workspaces/boat_workspace/src/vision/build/vision -- -j3 -l3
[2.535s] [ 50%] [32mBuilding CXX object CMakeFiles/NetFinder.dir/src/NetFinder.cpp.o[0m
[2.540s] [ 50%] Built target ament_cmake_python_copy_vision
[2.636s] In file included from [01m[K/home/parallels/ROS_Workspaces/boat_workspace/src/vision/src/NetFinder.cpp:9[m[K:
[2.636s] [01m[K/opt/ros/humble/include/sensor_msgs/sensor_msgs/msg/image.hpp:7:10:[m[K [01;31m[Kfatal error: [m[Ksensor_msgs/msg/detail/image__struct.hpp: No such file or directory
[2.636s]     7 | #include [01;31m[K"sensor_msgs/msg/detail/image__struct.hpp"[m[K
[2.636s]       |          [01;31m[K^~~~~~~~~~~~~~~~~~~~~~~~~~~~~~~~~~~~~~~~~~[m[K
[2.636s] compilation terminated.
[2.638s] gmake[2]: *** [CMakeFiles/NetFinder.dir/build.make:76: CMakeFiles/NetFinder.dir/src/NetFinder.cpp.o] Error 1
[2.638s] gmake[1]: *** [CMakeFiles/Makefile2:140: CMakeFiles/NetFinder.dir/all] Error 2
[2.638s] gmake[1]: *** Waiting for unfinished jobs....
[2.978s] running egg_info
[2.979s] creating vision.egg-info
[2.996s] writing vision.egg-info/PKG-INFO
[3.002s] writing dependency_links to vision.egg-info/dependency_links.txt
[3.004s] writing top-level names to vision.egg-info/top_level.txt
[3.004s] writing manifest file 'vision.egg-info/SOURCES.txt'
[3.058s] reading manifest file 'vision.egg-info/SOURCES.txt'
[3.058s] writing manifest file 'vision.egg-info/SOURCES.txt'
[3.116s] [ 50%] Built target ament_cmake_python_build_vision_egg
[3.118s] gmake: *** [Makefile:146: all] Error 2
[3.121s] Invoked command in '/home/parallels/ROS_Workspaces/boat_workspace/src/vision/build/vision' returned '2': CMAKE_PREFIX_PATH=/opt/ros/humble /usr/bin/cmake --build /home/parallels/ROS_Workspaces/boat_workspace/src/vision/build/vision -- -j3 -l3
