[0.030s] Invoking command in '/home/parallels/ROS_Workspaces/boat_workspace/build/vision': CMAKE_PREFIX_PATH=/opt/ros/humble /usr/bin/cmake --build /home/parallels/ROS_Workspaces/boat_workspace/build/vision -- -j3 -l3
[0.128s] [  0%] Built target ament_cmake_python_copy_vision
[0.138s] [ 50%] [32mBuilding CXX object CMakeFiles/NetFinder.dir/src/NetFinder.cpp.o[0m
[0.453s] [01m[K/home/parallels/ROS_Workspaces/boat_workspace/src/vision/src/NetFinder.cpp:7:10:[m[K [01;31m[Kfatal error: [m[Ksensor_msgs/msg/Image: No such file or directory
[0.453s]     7 | #include [01;31m[K<sensor_msgs/msg/Image>[m[K
[0.453s]       |          [01;31m[K^~~~~~~~~~~~~~~~~~~~~~~[m[K
[0.453s] compilation terminated.
[0.455s] gmake[2]: *** [CMakeFiles/NetFinder.dir/build.make:76: CMakeFiles/NetFinder.dir/src/NetFinder.cpp.o] Error 1
[0.455s] gmake[1]: *** [CMakeFiles/Makefile2:140: CMakeFiles/NetFinder.dir/all] Error 2
[0.455s] gmake[1]: *** Waiting for unfinished jobs....
[0.588s] running egg_info
[0.605s] writing vision.egg-info/PKG-INFO
[0.605s] writing dependency_links to vision.egg-info/dependency_links.txt
[0.606s] writing top-level names to vision.egg-info/top_level.txt
[0.654s] reading manifest file 'vision.egg-info/SOURCES.txt'
[0.655s] writing manifest file 'vision.egg-info/SOURCES.txt'
[0.704s] [ 50%] Built target ament_cmake_python_build_vision_egg
[0.707s] gmake: *** [Makefile:146: all] Error 2
[0.708s] Invoked command in '/home/parallels/ROS_Workspaces/boat_workspace/build/vision' returned '2': CMAKE_PREFIX_PATH=/opt/ros/humble /usr/bin/cmake --build /home/parallels/ROS_Workspaces/boat_workspace/build/vision -- -j3 -l3
