[0.037s] Invoking command in '/home/parallels/ROS_Workspaces/boat_workspace/build/navigation': CMAKE_PREFIX_PATH=/opt/ros/humble /usr/bin/cmake --build /home/parallels/ROS_Workspaces/boat_workspace/build/navigation -- -j3 -l3
[0.102s] -- Found ament_cmake: 1.3.2 (/opt/ros/humble/share/ament_cmake/cmake)
[0.411s] -- Found rclcpp: 16.0.1 (/opt/ros/humble/share/rclcpp/cmake)
[0.540s] -- Found rosidl_generator_c: 3.1.3 (/opt/ros/humble/share/rosidl_generator_c/cmake)
[0.547s] -- Found rosidl_adapter: 3.1.3 (/opt/ros/humble/share/rosidl_adapter/cmake)
[0.563s] -- Found rosidl_generator_cpp: 3.1.3 (/opt/ros/humble/share/rosidl_generator_cpp/cmake)
[0.590s] -- Using all available rosidl_typesupport_c: rosidl_typesupport_fastrtps_c;rosidl_typesupport_introspection_c
[0.624s] -- Using all available rosidl_typesupport_cpp: rosidl_typesupport_fastrtps_cpp;rosidl_typesupport_introspection_cpp
[0.752s] -- Found rmw_implementation_cmake: 6.1.0 (/opt/ros/humble/share/rmw_implementation_cmake/cmake)
[0.757s] -- Found rmw_fastrtps_cpp: 6.2.1 (/opt/ros/humble/share/rmw_fastrtps_cpp/cmake)
[0.955s] -- Using RMW implementation 'rmw_fastrtps_cpp' as default
[1.248s] -- Found geometry_msgs: 4.2.2 (/opt/ros/humble/share/geometry_msgs/cmake)
[1.560s] [31mCMake Error at /opt/ros/humble/share/rosidl_adapter/cmake/rosidl_adapt_interfaces.cmake:59 (message):
[1.560s]   execute_process(/usr/bin/python3.10 -m rosidl_adapter --package-name
[1.560s]   navigation --arguments-file
[1.560s]   /home/parallels/ROS_Workspaces/boat_workspace/build/navigation/rosidl_adapter__arguments__navigation.json
[1.561s]   --output-dir
[1.561s]   /home/parallels/ROS_Workspaces/boat_workspace/build/navigation/rosidl_adapter/navigation
[1.561s]   --output-file
[1.561s]   /home/parallels/ROS_Workspaces/boat_workspace/build/navigation/rosidl_adapter/navigation.idls)
[1.561s]   returned error code 1:
[1.561s] 
[1.562s]   Error processing 'int 64 collection' of 'navigation/motors': ''int' is an
[1.562s]   invalid message name.  It should have the pattern '^[A-Z][A-Za-z0-9]*$''
[1.562s] 
[1.562s]   Traceback (most recent call last):
[1.562s] 
[1.562s]     File "/usr/lib/python3.10/runpy.py", line 196, in _run_module_as_main
[1.562s]       return _run_code(code, main_globals, None,
[1.562s]     File "/usr/lib/python3.10/runpy.py", line 86, in _run_code
[1.563s]       exec(code, run_globals)
[1.563s]     File "/opt/ros/humble/local/lib/python3.10/dist-packages/rosidl_adapter/__main__.py", line 19, in <module>
[1.563s]       sys.exit(main())
[1.563s]     File "/opt/ros/humble/local/lib/python3.10/dist-packages/rosidl_adapter/main.py", line 53, in main
[1.563s]       abs_idl_file = convert_to_idl(
[1.563s]     File "/opt/ros/humble/local/lib/python3.10/dist-packages/rosidl_adapter/__init__.py", line 19, in convert_to_idl
[1.563s]       return convert_msg_to_idl(
[1.563s]     File "/opt/ros/humble/local/lib/python3.10/dist-packages/rosidl_adapter/msg/__init__.py", line 28, in convert_msg_to_idl
[1.563s]       msg = parse_message_string(package_name, input_file.stem, content)
[1.563s]     File "/opt/ros/humble/local/lib/python3.10/dist-packages/rosidl_adapter/parser.py", line 520, in parse_message_string
[1.563s]       Type(type_string, context_package_name=pkg_name),
[1.564s]     File "/opt/ros/humble/local/lib/python3.10/dist-packages/rosidl_adapter/parser.py", line 277, in __init__
[1.564s]       super(Type, self).__init__(
[1.564s]     File "/opt/ros/humble/local/lib/python3.10/dist-packages/rosidl_adapter/parser.py", line 205, in __init__
[1.564s]       raise InvalidResourceName(
[1.564s] 
[1.564s]   rosidl_adapter.parser.InvalidResourceName: 'int' is an invalid message
[1.564s]   name.  It should have the pattern '^[A-Z][A-Za-z0-9]*$'
[1.564s] 
[1.564s] Call Stack (most recent call first):
[1.564s]   /opt/ros/humble/share/rosidl_cmake/cmake/rosidl_generate_interfaces.cmake:130 (rosidl_adapt_interfaces)
[1.564s]   CMakeLists.txt:16 (rosidl_generate_interfaces)
[1.565s] 
[1.565s] [0m
[1.565s] -- Configuring incomplete, errors occurred!
[1.565s] See also "/home/parallels/ROS_Workspaces/boat_workspace/build/navigation/CMakeFiles/CMakeOutput.log".
[1.573s] gmake: *** [Makefile:308: cmake_check_build_system] Error 1
[1.577s] Invoked command in '/home/parallels/ROS_Workspaces/boat_workspace/build/navigation' returned '2': CMAKE_PREFIX_PATH=/opt/ros/humble /usr/bin/cmake --build /home/parallels/ROS_Workspaces/boat_workspace/build/navigation -- -j3 -l3
