[0.019s] Invoking command in '/home/parallels/ROS_Workspaces/boat_workspace/src/vision/build/vision': CMAKE_PREFIX_PATH=/opt/ros/humble /usr/bin/cmake --build /home/parallels/ROS_Workspaces/boat_workspace/src/vision/build/vision -- -j3 -l3
[0.072s] [ 50%] [32mBuilding CXX object CMakeFiles/NetFinder.dir/src/NetFinder.cpp.o[0m
[0.081s] [ 50%] Built target ament_cmake_python_copy_vision
[0.179s] [01m[K/home/parallels/ROS_Workspaces/boat_workspace/src/vision/src/NetFinder.cpp:9:10:[m[K [01;31m[Kfatal error: [m[Ksensor_msgs/msg/image.hpp: No such file or directory
[0.179s]     9 | #include [01;31m[K<sensor_msgs/msg/image.hpp>[m[K
[0.179s]       |          [01;31m[K^~~~~~~~~~~~~~~~~~~~~~~~~~~[m[K
[0.179s] compilation terminated.
[0.180s] gmake[2]: *** [CMakeFiles/NetFinder.dir/build.make:76: CMakeFiles/NetFinder.dir/src/NetFinder.cpp.o] Error 1
[0.180s] gmake[1]: *** [CMakeFiles/Makefile2:140: CMakeFiles/NetFinder.dir/all] Error 2
[0.181s] gmake[1]: *** Waiting for unfinished jobs....
[0.485s] running egg_info
[0.500s] writing vision.egg-info/PKG-INFO
[0.501s] writing dependency_links to vision.egg-info/dependency_links.txt
[0.501s] writing top-level names to vision.egg-info/top_level.txt
[0.548s] reading manifest file 'vision.egg-info/SOURCES.txt'
[0.549s] writing manifest file 'vision.egg-info/SOURCES.txt'
[0.596s] [ 50%] Built target ament_cmake_python_build_vision_egg
[0.597s] gmake: *** [Makefile:146: all] Error 2
[0.600s] Invoked command in '/home/parallels/ROS_Workspaces/boat_workspace/src/vision/build/vision' returned '2': CMAKE_PREFIX_PATH=/opt/ros/humble /usr/bin/cmake --build /home/parallels/ROS_Workspaces/boat_workspace/src/vision/build/vision -- -j3 -l3
