[0.019s] Invoking command in '/home/parallels/ROS_Workspaces/boat_workspace/src/vision/build/vision': CMAKE_PREFIX_PATH=/opt/ros/humble /usr/bin/cmake --build /home/parallels/ROS_Workspaces/boat_workspace/src/vision/build/vision -- -j3 -l3
[0.048s] -- Found ament_cmake: 1.3.2 (/opt/ros/humble/share/ament_cmake/cmake)
[0.207s] -- Found rclcpp: 16.0.1 (/opt/ros/humble/share/rclcpp/cmake)
[0.251s] -- Found rosidl_generator_c: 3.1.3 (/opt/ros/humble/share/rosidl_generator_c/cmake)
[0.255s] -- Found rosidl_adapter: 3.1.3 (/opt/ros/humble/share/rosidl_adapter/cmake)
[0.266s] -- Found rosidl_generator_cpp: 3.1.3 (/opt/ros/humble/share/rosidl_generator_cpp/cmake)
[0.282s] -- Using all available rosidl_typesupport_c: rosidl_typesupport_fastrtps_c;rosidl_typesupport_introspection_c
[0.304s] -- Using all available rosidl_typesupport_cpp: rosidl_typesupport_fastrtps_cpp;rosidl_typesupport_introspection_cpp
[0.393s] -- Found rmw_implementation_cmake: 6.1.0 (/opt/ros/humble/share/rmw_implementation_cmake/cmake)
[0.395s] -- Found rmw_fastrtps_cpp: 6.2.1 (/opt/ros/humble/share/rmw_fastrtps_cpp/cmake)
[0.536s] -- Using RMW implementation 'rmw_fastrtps_cpp' as default
[0.763s] -- Found rclpy: 3.3.4 (/opt/ros/humble/share/rclpy/cmake)
[0.904s] -- Configuring done
[0.915s] -- Generating done
[0.918s] -- Build files have been written to: /home/parallels/ROS_Workspaces/boat_workspace/src/vision/build/vision
[0.955s] [ 50%] [32mBuilding CXX object CMakeFiles/NetFinder.dir/src/NetFinder.cpp.o[0m
[0.963s] [ 50%] Built target ament_cmake_python_copy_vision
[1.066s] [01m[K/home/parallels/ROS_Workspaces/boat_workspace/src/vision/src/NetFinder.cpp:9:10:[m[K [01;31m[Kerror: [m[Kempty filename in #include
[1.066s]     9 | #include [01;31m[K""[m[K
[1.066s]       |          [01;31m[K^~[m[K
[1.066s] [01m[K/home/parallels/ROS_Workspaces/boat_workspace/src/vision/src/NetFinder.cpp:10:10:[m[K [01;31m[Kfatal error: [m[Kgeometry_msgs/msg/point.hpp: No such file or directory
[1.066s]    10 | #include [01;31m[K<geometry_msgs/msg/point.hpp>[m[K
[1.066s]       |          [01;31m[K^~~~~~~~~~~~~~~~~~~~~~~~~~~~~[m[K
[1.066s] compilation terminated.
[1.069s] gmake[2]: *** [CMakeFiles/NetFinder.dir/build.make:76: CMakeFiles/NetFinder.dir/src/NetFinder.cpp.o] Error 1
[1.069s] gmake[1]: *** [CMakeFiles/Makefile2:140: CMakeFiles/NetFinder.dir/all] Error 2
[1.069s] gmake[1]: *** Waiting for unfinished jobs....
[1.365s] running egg_info
[1.380s] writing vision.egg-info/PKG-INFO
[1.380s] writing dependency_links to vision.egg-info/dependency_links.txt
[1.381s] writing top-level names to vision.egg-info/top_level.txt
[1.427s] reading manifest file 'vision.egg-info/SOURCES.txt'
[1.427s] writing manifest file 'vision.egg-info/SOURCES.txt'
[1.476s] [ 50%] Built target ament_cmake_python_build_vision_egg
[1.478s] gmake: *** [Makefile:146: all] Error 2
[1.480s] Invoked command in '/home/parallels/ROS_Workspaces/boat_workspace/src/vision/build/vision' returned '2': CMAKE_PREFIX_PATH=/opt/ros/humble /usr/bin/cmake --build /home/parallels/ROS_Workspaces/boat_workspace/src/vision/build/vision -- -j3 -l3
