[0.030s] Invoking command in '/home/parallels/ROS_Workspaces/boat_workspace/build/navigation': CMAKE_PREFIX_PATH=/opt/ros/humble /usr/bin/cmake --build /home/parallels/ROS_Workspaces/boat_workspace/build/navigation -- -j3 -l3
[0.074s] -- Found ament_cmake: 1.3.2 (/opt/ros/humble/share/ament_cmake/cmake)
[0.260s] -- Found rclcpp: 16.0.1 (/opt/ros/humble/share/rclcpp/cmake)
[0.304s] -- Found rosidl_generator_c: 3.1.3 (/opt/ros/humble/share/rosidl_generator_c/cmake)
[0.308s] -- Found rosidl_adapter: 3.1.3 (/opt/ros/humble/share/rosidl_adapter/cmake)
[0.317s] -- Found rosidl_generator_cpp: 3.1.3 (/opt/ros/humble/share/rosidl_generator_cpp/cmake)
[0.336s] -- Using all available rosidl_typesupport_c: rosidl_typesupport_fastrtps_c;rosidl_typesupport_introspection_c
[0.360s] -- Using all available rosidl_typesupport_cpp: rosidl_typesupport_fastrtps_cpp;rosidl_typesupport_introspection_cpp
[0.456s] -- Found rmw_implementation_cmake: 6.1.0 (/opt/ros/humble/share/rmw_implementation_cmake/cmake)
[0.458s] -- Found rmw_fastrtps_cpp: 6.2.1 (/opt/ros/humble/share/rmw_fastrtps_cpp/cmake)
[0.653s] -- Using RMW implementation 'rmw_fastrtps_cpp' as default
[0.923s] -- Found geometry_msgs: 4.2.2 (/opt/ros/humble/share/geometry_msgs/cmake)
[1.223s] [31mCMake Error at /opt/ros/humble/share/rosidl_adapter/cmake/rosidl_adapt_interfaces.cmake:59 (message):
[1.224s]   execute_process(/usr/bin/python3.10 -m rosidl_adapter --package-name
[1.224s]   navigation --arguments-file
[1.224s]   /home/parallels/ROS_Workspaces/boat_workspace/build/navigation/rosidl_adapter__arguments__navigation.json
[1.224s]   --output-dir
[1.224s]   /home/parallels/ROS_Workspaces/boat_workspace/build/navigation/rosidl_adapter/navigation
[1.225s]   --output-file
[1.225s]   /home/parallels/ROS_Workspaces/boat_workspace/build/navigation/rosidl_adapter/navigation.idls)
[1.225s]   returned error code 1:
[1.225s] 
[1.225s]   Traceback (most recent call last):
[1.225s] 
[1.225s]     File "/usr/lib/python3.10/runpy.py", line 196, in _run_module_as_main
[1.225s]       return _run_code(code, main_globals, None,
[1.226s]     File "/usr/lib/python3.10/runpy.py", line 86, in _run_code
[1.226s]       exec(code, run_globals)
[1.226s]     File "/opt/ros/humble/local/lib/python3.10/dist-packages/rosidl_adapter/__main__.py", line 19, in <module>
[1.226s]       sys.exit(main())
[1.226s]     File "/opt/ros/humble/local/lib/python3.10/dist-packages/rosidl_adapter/main.py", line 53, in main
[1.227s]       abs_idl_file = convert_to_idl(
[1.227s]     File "/opt/ros/humble/local/lib/python3.10/dist-packages/rosidl_adapter/__init__.py", line 19, in convert_to_idl
[1.227s]       return convert_msg_to_idl(
[1.227s]     File "/opt/ros/humble/local/lib/python3.10/dist-packages/rosidl_adapter/msg/__init__.py", line 28, in convert_msg_to_idl
[1.227s]       msg = parse_message_string(package_name, input_file.stem, content)
[1.227s]     File "/opt/ros/humble/local/lib/python3.10/dist-packages/rosidl_adapter/parser.py", line 544, in parse_message_string
[1.227s]       msg = MessageSpecification(pkg_name, msg_name, fields, constants)
[1.227s]     File "/opt/ros/humble/local/lib/python3.10/dist-packages/rosidl_adapter/parser.py", line 388, in __init__
[1.228s]       self.base_type = BaseType(
[1.228s]     File "/opt/ros/humble/local/lib/python3.10/dist-packages/rosidl_adapter/parser.py", line 205, in __init__
[1.228s]       raise InvalidResourceName(
[1.228s] 
[1.228s]   rosidl_adapter.parser.InvalidResourceName: 'motors' is an invalid message
[1.228s]   name.  It should have the pattern '^[A-Z][A-Za-z0-9]*$'
[1.229s] 
[1.229s] Call Stack (most recent call first):
[1.229s]   /opt/ros/humble/share/rosidl_cmake/cmake/rosidl_generate_interfaces.cmake:130 (rosidl_adapt_interfaces)
[1.229s]   CMakeLists.txt:16 (rosidl_generate_interfaces)
[1.229s] 
[1.229s] [0m
[1.231s] -- Configuring incomplete, errors occurred!
[1.231s] See also "/home/parallels/ROS_Workspaces/boat_workspace/build/navigation/CMakeFiles/CMakeOutput.log".
[1.237s] gmake: *** [Makefile:308: cmake_check_build_system] Error 1
[1.242s] Invoked command in '/home/parallels/ROS_Workspaces/boat_workspace/build/navigation' returned '2': CMAKE_PREFIX_PATH=/opt/ros/humble /usr/bin/cmake --build /home/parallels/ROS_Workspaces/boat_workspace/build/navigation -- -j3 -l3
